Arguments:
  /usr/local/Cellar/node/12.6.0/bin/node /usr/local/Cellar/yarn/1.17.3/libexec/bin/yarn.js add ⚡ npm i

PATH:
  /usr/local/bin:/usr/bin:/bin:/usr/sbin:/sbin:/Applications/VMware Fusion.app/Contents/Public:/usr/local/share/dotnet:/Library/Frameworks/Mono.framework/Versions/Current/Commands:/Applications/Xamarin Workbooks.app/Contents/SharedSupport/path-bin:/Users/ed/Projects/modules/ neo-react/node_modules/.bin

Yarn version:
  1.17.3

Node version:
  12.6.0

Platform:
  darwin x64

Trace:
  TypeError [ERR_UNESCAPED_CHARACTERS]: Request path contains unescaped characters
      at new ClientRequest (_http_client.js:139:13)
      at Object.request (https.js:309:10)
      at Request.module.exports.Request.start (/usr/local/Cellar/yarn/1.17.3/libexec/lib/cli.js:141026:32)
      at Request.module.exports.Request.end (/usr/local/Cellar/yarn/1.17.3/libexec/lib/cli.js:141785:10)
      at end (/usr/local/Cellar/yarn/1.17.3/libexec/lib/cli.js:140839:14)
      at Immediate._onImmediate (/usr/local/Cellar/yarn/1.17.3/libexec/lib/cli.js:140853:7)
      at processImmediate (internal/timers.js:439:21)

npm manifest:
  {
    "name": "@neo-react/wallets",
    "version": "0.0.0",
    "description": "> TODO: description",
    "author": "ED <eddie@ftwcoin.io>",
    "homepage": "",
    "license": "ISC",
    "main": "lib/index.tsx",
    "directories": {
      "lib": "lib",
      "test": "__tests__"
    },
    "files": [
      "lib"
    ],
    "scripts": {
      "tsc": "tsc",
      "test": "echo \"Error: run tests from root\" && exit 1"
    },
    "dependencies": {
      "react": "^16.8.6"
    }
  }

yarn manifest:
  No manifest

Lockfile:
  No lockfile
